<?xml version="1.0" encoding="UTF-8"?>
<!-- Generated by org.testng.reporters.JUnitReportReporter -->
<testsuite skipped="0" hostname="WX-5CG9366NK2" name="LogIn" tests="2" failures="0" timestamp="2019-12-08T22:10:52 EST" time="14.351" errors="0">
  <testcase name="shouldBeAbleToLogIn" time="7.764" classname="LogIn"/>
  <testcase name="shouldBeAbleToSearch" time="6.587" classname="LogIn"/>
</testsuite> <!-- LogIn -->
